<?xml version="1.0" encoding="UTF-8"?>
<!-- Generated by org.testng.reporters.JUnitReportReporter -->
<testsuite hostname="DESKTOP-FSPHPC9" failures="0" tests="1" name="popularReport.ExtentReport.ExtentReportDemo" time="22.101" errors="0" timestamp="22 Jan 2021 07:26:33 GMT" skipped="0">
  <testcase classname="popularReport.ExtentReport.ExtentReportDemo" name="initialDemo" time="22.101"/>
</testsuite> <!-- popularReport.ExtentReport.ExtentReportDemo -->
